2023-11-20 17:20:12,509 INFO:Crawling: https://quotes.toscrape.com/
2023-11-20 17:20:12,975 INFO:Crawling: https://quotes.toscrape.com/
2023-11-20 17:20:13,441 INFO:Crawling: https://quotes.toscrape.com/login
2023-11-20 17:20:13,896 INFO:Crawling: https://quotes.toscrape.com/author/Albert-Einstein
2023-11-20 17:20:14,644 INFO:Crawling: https://quotes.toscrape.com/tag/change/page/1/
2023-11-20 17:20:15,103 INFO:Crawling: https://quotes.toscrape.com/tag/deep-thoughts/page/1/
2023-11-20 17:20:15,559 INFO:Crawling: https://quotes.toscrape.com/tag/thinking/page/1/
2023-11-20 17:20:16,017 INFO:Crawling: https://quotes.toscrape.com/tag/world/page/1/
2023-11-20 17:20:16,478 INFO:Crawling: https://quotes.toscrape.com/author/J-K-Rowling
2023-11-20 17:20:17,226 INFO:Crawling: https://quotes.toscrape.com/tag/abilities/page/1/
2023-11-20 17:20:17,681 INFO:Crawling: https://quotes.toscrape.com/tag/choices/page/1/
2023-11-20 17:20:18,138 INFO:Crawling: https://quotes.toscrape.com/tag/inspirational/page/1/
2023-11-20 17:20:18,601 INFO:Crawling: https://quotes.toscrape.com/tag/life/page/1/
2023-11-20 17:20:19,071 INFO:Crawling: https://quotes.toscrape.com/tag/live/page/1/
2023-11-20 17:20:19,531 INFO:Crawling: https://quotes.toscrape.com/tag/miracle/page/1/
2023-11-20 17:20:19,990 INFO:Crawling: https://quotes.toscrape.com/tag/miracles/page/1/
2023-11-20 17:20:20,455 INFO:Crawling: https://quotes.toscrape.com/author/Jane-Austen
2023-11-20 17:20:21,201 INFO:Crawling: https://quotes.toscrape.com/tag/aliteracy/page/1/
2023-11-20 17:20:21,663 INFO:Crawling: https://quotes.toscrape.com/tag/books/page/1/
2023-11-20 17:20:22,132 INFO:Crawling: https://quotes.toscrape.com/tag/classic/page/1/
2023-11-20 17:20:22,594 INFO:Crawling: https://quotes.toscrape.com/tag/humor/page/1/
2023-11-20 17:20:23,059 INFO:Crawling: https://quotes.toscrape.com/author/Marilyn-Monroe
2023-11-20 17:20:23,810 INFO:Crawling: https://quotes.toscrape.com/tag/be-yourself/page/1/
2023-11-20 17:20:24,264 INFO:Crawling: https://quotes.toscrape.com/tag/adulthood/page/1/
2023-11-20 17:20:24,724 INFO:Crawling: https://quotes.toscrape.com/tag/success/page/1/
2023-11-20 17:20:25,184 INFO:Crawling: https://quotes.toscrape.com/tag/value/page/1/
2023-11-20 17:20:25,643 INFO:Crawling: https://quotes.toscrape.com/author/Andre-Gide
2023-11-20 17:20:26,400 INFO:Crawling: https://quotes.toscrape.com/tag/love/page/1/
2023-11-20 17:20:26,861 INFO:Crawling: https://quotes.toscrape.com/author/Thomas-A-Edison
2023-11-20 17:20:27,609 INFO:Crawling: https://quotes.toscrape.com/tag/edison/page/1/
2023-11-20 17:20:28,072 INFO:Crawling: https://quotes.toscrape.com/tag/failure/page/1/
2023-11-20 17:20:28,525 INFO:Crawling: https://quotes.toscrape.com/tag/paraphrased/page/1/
2023-11-20 17:20:28,983 INFO:Crawling: https://quotes.toscrape.com/author/Eleanor-Roosevelt
2023-11-20 17:20:29,748 INFO:Crawling: https://quotes.toscrape.com/tag/misattributed-eleanor-roosevelt/page/1/
2023-11-20 17:20:30,209 INFO:Crawling: https://quotes.toscrape.com/author/Steve-Martin
2023-11-20 17:20:30,959 INFO:Crawling: https://quotes.toscrape.com/tag/obvious/page/1/
2023-11-20 17:20:31,415 INFO:Crawling: https://quotes.toscrape.com/tag/simile/page/1/
2023-11-20 17:20:31,875 INFO:Crawling: https://quotes.toscrape.com/page/2/
2023-11-20 17:20:32,339 INFO:Crawling: https://quotes.toscrape.com/tag/love/
2023-11-20 17:20:32,802 INFO:Crawling: https://quotes.toscrape.com/tag/inspirational/
2023-11-20 17:20:33,262 INFO:Crawling: https://quotes.toscrape.com/tag/life/
2023-11-20 17:20:33,727 INFO:Crawling: https://quotes.toscrape.com/tag/humor/
2023-11-20 17:20:34,188 INFO:Crawling: https://quotes.toscrape.com/tag/books/
2023-11-20 17:20:34,656 INFO:Crawling: https://quotes.toscrape.com/tag/reading/
2023-11-20 17:20:35,119 INFO:Crawling: https://quotes.toscrape.com/tag/friendship/
2023-11-20 17:20:35,576 INFO:Crawling: https://quotes.toscrape.com/tag/friends/
2023-11-20 17:20:36,037 INFO:Crawling: https://quotes.toscrape.com/tag/truth/
2023-11-20 17:20:36,495 INFO:Crawling: https://quotes.toscrape.com/tag/simile/
2023-11-20 17:20:36,951 INFO:Crawling: https://www.goodreads.com/quotes
2023-11-20 17:20:38,124 INFO:Crawling: https://www.zyte.com
2023-11-20 17:20:38,356 INFO:Crawling: https://quotes.toscrape.com/login
2023-11-20 17:20:38,816 INFO:Crawling: https://quotes.toscrape.com/tag/change/page/1/
2023-11-20 17:20:39,274 INFO:Crawling: https://quotes.toscrape.com/tag/deep-thoughts/page/1/
2023-11-20 17:20:39,732 INFO:Crawling: https://quotes.toscrape.com/tag/thinking/page/1/
2023-11-20 17:20:40,189 INFO:Crawling: https://quotes.toscrape.com/author/Terry-Pratchett
2023-11-20 17:20:40,941 INFO:Crawling: https://quotes.toscrape.com/tag/open-mind/page/1/
2023-11-20 17:20:41,401 INFO:Crawling: https://quotes.toscrape.com/tag/world/page/1/
2023-11-20 17:20:41,861 INFO:Crawling: https://quotes.toscrape.com/tag/abilities/page/1/
2023-11-20 17:20:42,320 INFO:Crawling: https://quotes.toscrape.com/tag/choices/page/1/
2023-11-20 17:20:42,779 INFO:Crawling: https://quotes.toscrape.com/tag/inspirational/page/1/
2023-11-20 17:20:43,243 INFO:Crawling: https://quotes.toscrape.com/tag/friends/page/1/
2023-11-20 17:20:43,703 INFO:Crawling: https://quotes.toscrape.com/tag/heartbreak/page/1/
2023-11-20 17:20:44,159 INFO:Crawling: https://quotes.toscrape.com/tag/sisters/page/1/
2023-11-20 17:20:44,620 INFO:Crawling: https://quotes.toscrape.com/author/Elie-Wiesel
2023-11-20 17:20:45,370 INFO:Crawling: https://quotes.toscrape.com/tag/activism/page/1/
2023-11-20 17:20:45,824 INFO:Crawling: https://quotes.toscrape.com/tag/apathy/page/1/
2023-11-20 17:20:46,281 INFO:Crawling: https://quotes.toscrape.com/tag/hate/page/1/
2023-11-20 17:20:46,735 INFO:Crawling: https://quotes.toscrape.com/tag/indifference/page/1/
2023-11-20 17:20:47,188 INFO:Crawling: https://quotes.toscrape.com/tag/opposite/page/1/
2023-11-20 17:20:47,647 INFO:Crawling: https://quotes.toscrape.com/tag/philosophy/page/1/
2023-11-20 17:20:48,107 INFO:Crawling: https://quotes.toscrape.com/tag/death/page/1/
2023-11-20 17:20:48,569 INFO:Crawling: https://quotes.toscrape.com/author/George-Eliot
2023-11-20 17:20:49,322 INFO:Crawling: https://quotes.toscrape.com/author/C-S-Lewis
2023-11-20 17:20:50,073 INFO:Crawling: https://quotes.toscrape.com/tag/reading/page/1/
2023-11-20 17:20:50,540 INFO:Crawling: https://quotes.toscrape.com/tag/tea/page/1/
2023-11-20 17:20:50,996 INFO:Crawling: https://quotes.toscrape.com/author/Martin-Luther-King-Jr
2023-11-20 17:20:51,749 INFO:Crawling: https://quotes.toscrape.com/tag/hope/page/1/
2023-11-20 17:20:52,207 INFO:Crawling: https://quotes.toscrape.com/author/Helen-Keller
2023-11-20 17:20:52,964 INFO:Crawling: https://quotes.toscrape.com/tag/inspirational/page/2/
2023-11-20 17:20:53,417 INFO:Crawling: https://quotes.toscrape.com/tag/life/page/1/
2023-11-20 17:20:53,882 INFO:Crawling: https://quotes.toscrape.com/author/Douglas-Adams
2023-11-20 17:20:54,630 INFO:Crawling: https://quotes.toscrape.com/tag/navigation/page/1/
2023-11-20 17:20:55,089 INFO:Crawling: https://quotes.toscrape.com/author/Mark-Twain
2023-11-20 17:20:55,837 INFO:Crawling: https://quotes.toscrape.com/tag/contentment/page/1/
2023-11-20 17:20:56,297 INFO:Crawling: https://quotes.toscrape.com/tag/friendship/page/1/
2023-11-20 17:20:56,750 INFO:Crawling: https://quotes.toscrape.com/author/Allen-Saunders
2023-11-20 17:20:57,499 INFO:Crawling: https://quotes.toscrape.com/tag/fate/page/1/
2023-11-20 17:20:57,955 INFO:Crawling: https://quotes.toscrape.com/tag/misattributed-john-lennon/page/1/
2023-11-20 17:20:58,413 INFO:Crawling: https://quotes.toscrape.com/tag/planning/page/1/
2023-11-20 17:20:58,862 INFO:Crawling: https://quotes.toscrape.com/tag/plans/page/1/
2023-11-20 17:20:59,319 INFO:Crawling: https://quotes.toscrape.com/author/Dr-Seuss
2023-11-20 17:21:00,068 INFO:Crawling: https://quotes.toscrape.com/tag/comedy/page/1/
2023-11-20 17:21:00,521 INFO:Crawling: https://quotes.toscrape.com/tag/yourself/page/1/
2023-11-20 17:21:00,980 INFO:Crawling: https://quotes.toscrape.com/author/George-Bernard-Shaw
2023-11-20 17:21:01,728 INFO:Crawling: https://quotes.toscrape.com/author/Ralph-Waldo-Emerson
2023-11-20 17:21:02,480 INFO:Crawling: https://quotes.toscrape.com/tag/regrets/page/1/
2023-11-20 17:21:02,936 INFO:Crawling: https://quotes.toscrape.com/tag/life/page/2/
2023-11-20 17:21:03,393 INFO:Crawling: https://quotes.toscrape.com/tag/live/page/1/
2023-11-20 17:21:03,852 INFO:Crawling: https://quotes.toscrape.com/tag/miracle/page/1/
2023-11-20 17:21:04,309 INFO:Crawling: https://quotes.toscrape.com/tag/miracles/page/1/
2023-11-20 17:21:04,765 INFO:Crawling: https://quotes.toscrape.com/tag/aliteracy/page/1/
2023-11-20 17:21:05,223 INFO:Crawling: https://quotes.toscrape.com/tag/books/page/1/
2023-11-20 17:21:05,689 INFO:Crawling: https://quotes.toscrape.com/author/Jorge-Luis-Borges
2023-11-20 17:21:06,438 INFO:Crawling: https://quotes.toscrape.com/tag/library/page/1/
2023-11-20 17:21:06,895 INFO:Crawling: https://quotes.toscrape.com/author/Haruki-Murakami
2023-11-20 17:21:07,649 INFO:Crawling: https://quotes.toscrape.com/tag/thought/page/1/
2023-11-20 17:21:08,107 INFO:Crawling: https://quotes.toscrape.com/author/Ernest-Hemingway
2023-11-20 17:21:08,857 INFO:Crawling: https://quotes.toscrape.com/tag/novelist-quotes/page/1/
2023-11-20 17:21:09,318 INFO:Crawling: https://quotes.toscrape.com/author/J-D-Salinger
2023-11-20 17:21:10,076 INFO:Crawling: https://quotes.toscrape.com/tag/authors/page/1/
2023-11-20 17:21:10,532 INFO:Crawling: https://quotes.toscrape.com/tag/literature/page/1/
2023-11-20 17:21:10,995 INFO:Crawling: https://quotes.toscrape.com/tag/writing/page/1/
2023-11-20 17:21:11,453 INFO:Crawling: https://quotes.toscrape.com/author/Madeleine-LEngle
2023-11-20 17:21:12,205 INFO:Crawling: https://quotes.toscrape.com/tag/children/page/1/
2023-11-20 17:21:12,659 INFO:Crawling: https://quotes.toscrape.com/tag/difficult/page/1/
2023-11-20 17:21:13,116 INFO:Crawling: https://quotes.toscrape.com/tag/grown-ups/page/1/
2023-11-20 17:21:13,572 INFO:Crawling: https://quotes.toscrape.com/tag/write/page/1/
2023-11-20 17:21:14,026 INFO:Crawling: https://quotes.toscrape.com/tag/writers/page/1/
2023-11-20 17:21:14,487 INFO:Crawling: https://quotes.toscrape.com/tag/books/page/2/
2023-11-20 17:21:14,947 INFO:Crawling: https://quotes.toscrape.com/tag/classic/page/1/
2023-11-20 17:21:15,418 INFO:Crawling: https://quotes.toscrape.com/tag/humor/page/1/
2023-11-20 17:21:15,887 INFO:Crawling: https://quotes.toscrape.com/author/Garrison-Keillor
2023-11-20 17:21:16,638 INFO:Crawling: https://quotes.toscrape.com/tag/religion/page/1/
2023-11-20 17:21:17,099 INFO:Crawling: https://quotes.toscrape.com/author/Jim-Henson
2023-11-20 17:21:17,860 INFO:Crawling: https://quotes.toscrape.com/author/Charles-M-Schulz
2023-11-20 17:21:18,612 INFO:Crawling: https://quotes.toscrape.com/tag/chocolate/page/1/
2023-11-20 17:21:19,073 INFO:Crawling: https://quotes.toscrape.com/tag/food/page/1/
2023-11-20 17:21:19,534 INFO:Crawling: https://quotes.toscrape.com/author/Suzanne-Collins
2023-11-20 17:21:20,290 INFO:Crawling: https://quotes.toscrape.com/author/Charles-Bukowski
2023-11-20 17:21:21,043 INFO:Crawling: https://quotes.toscrape.com/author/George-Carlin
2023-11-20 17:21:21,795 INFO:Crawling: https://quotes.toscrape.com/tag/insanity/page/1/
2023-11-20 17:21:22,256 INFO:Crawling: https://quotes.toscrape.com/tag/lies/page/1/
2023-11-20 17:21:22,714 INFO:Crawling: https://quotes.toscrape.com/tag/lying/page/1/
2023-11-20 17:21:23,182 INFO:Crawling: https://quotes.toscrape.com/tag/self-indulgence/page/1/
2023-11-20 17:21:23,639 INFO:Crawling: https://quotes.toscrape.com/tag/truth/page/1/
2023-11-20 17:21:24,101 INFO:Crawling: https://quotes.toscrape.com/tag/humor/page/2/
2023-11-20 17:21:24,561 INFO:Crawling: https://quotes.toscrape.com/tag/be-yourself/page/1/
2023-11-20 17:21:25,020 INFO:Crawling: https://quotes.toscrape.com/tag/adulthood/page/1/
2023-11-20 17:21:25,479 INFO:Crawling: https://quotes.toscrape.com/tag/success/page/1/
2023-11-20 17:21:25,937 INFO:Crawling: https://quotes.toscrape.com/tag/value/page/1/
2023-11-20 17:21:26,389 INFO:Crawling: https://quotes.toscrape.com/tag/love/page/1/
2023-11-20 17:21:26,851 INFO:Crawling: https://quotes.toscrape.com/author/Bob-Marley
2023-11-20 17:21:27,598 INFO:Crawling: https://quotes.toscrape.com/author/Friedrich-Nietzsche
2023-11-20 17:21:28,350 INFO:Crawling: https://quotes.toscrape.com/tag/lack-of-friendship/page/1/
2023-11-20 17:21:28,808 INFO:Crawling: https://quotes.toscrape.com/tag/lack-of-love/page/1/
2023-11-20 17:21:29,266 INFO:Crawling: https://quotes.toscrape.com/tag/marriage/page/1/
2023-11-20 17:21:29,726 INFO:Crawling: https://quotes.toscrape.com/tag/unhappy-marriage/page/1/
2023-11-20 17:21:30,183 INFO:Crawling: https://quotes.toscrape.com/author/Pablo-Neruda
2023-11-20 17:21:30,938 INFO:Crawling: https://quotes.toscrape.com/tag/poetry/page/1/
2023-11-20 17:21:31,395 INFO:Crawling: https://quotes.toscrape.com/tag/girls/page/1/
2023-11-20 17:21:31,857 INFO:Crawling: https://quotes.toscrape.com/author/James-Baldwin
2023-11-20 17:21:32,611 INFO:Crawling: https://quotes.toscrape.com/tag/love/page/2/
2023-11-20 17:21:33,065 INFO:Crawling: https://quotes.toscrape.com/tag/edison/page/1/
2023-11-20 17:21:33,519 INFO:Crawling: https://quotes.toscrape.com/tag/failure/page/1/
2023-11-20 17:21:33,972 INFO:Crawling: https://quotes.toscrape.com/tag/paraphrased/page/1/
2023-11-20 17:21:34,433 INFO:Crawling: https://quotes.toscrape.com/author/Mother-Teresa
2023-11-20 17:21:35,179 INFO:Crawling: https://quotes.toscrape.com/tag/misattributed-to-mother-teresa/page/1/
2023-11-20 17:21:35,638 INFO:Crawling: https://quotes.toscrape.com/tag/misattributed-eleanor-roosevelt/page/1/
2023-11-20 17:21:36,099 INFO:Crawling: https://quotes.toscrape.com/tag/obvious/page/1/
2023-11-20 17:21:36,555 INFO:Crawling: https://quotes.toscrape.com/tag/simile/page/1/
2023-11-20 17:21:37,008 INFO:Crawling: https://quotes.toscrape.com/author/Stephenie-Meyer
2023-11-20 17:21:37,758 INFO:Crawling: https://quotes.toscrape.com/tag/drug/page/1/
2023-11-20 17:21:38,219 INFO:Crawling: https://quotes.toscrape.com/tag/romance/page/1/
2023-11-20 17:21:38,679 INFO:Crawling: https://quotes.toscrape.com/tag/courage/page/1/
2023-11-20 17:21:39,137 INFO:Crawling: https://quotes.toscrape.com/tag/simplicity/page/1/
2023-11-20 17:21:39,597 INFO:Crawling: https://quotes.toscrape.com/tag/understand/page/1/
2023-11-20 17:21:40,053 INFO:Crawling: https://quotes.toscrape.com/tag/fantasy/page/1/
2023-11-20 17:21:40,510 INFO:Crawling: https://quotes.toscrape.com/page/1/
2023-11-20 17:21:40,969 INFO:Crawling: https://quotes.toscrape.com/page/3/
2023-11-20 17:21:41,431 INFO:Crawling: https://quotes.toscrape.com/tag/love/
2023-11-20 17:21:41,892 INFO:Crawling: https://quotes.toscrape.com/tag/inspirational/
2023-11-20 17:21:42,353 INFO:Crawling: https://quotes.toscrape.com/tag/life/
2023-11-20 17:21:42,818 INFO:Crawling: https://quotes.toscrape.com/tag/humor/
2023-11-20 17:21:43,290 INFO:Crawling: https://quotes.toscrape.com/tag/books/
2023-11-20 17:21:43,751 INFO:Crawling: https://quotes.toscrape.com/tag/learning/page/1/
2023-11-20 17:21:44,208 INFO:Crawling: https://quotes.toscrape.com/tag/seuss/page/1/
2023-11-20 17:21:44,663 INFO:Crawling: https://quotes.toscrape.com/author/William-Nicholson
2023-11-20 17:21:45,416 INFO:Crawling: https://quotes.toscrape.com/tag/misattributed-to-c-s-lewis/page/1/
2023-11-20 17:21:45,877 INFO:Crawling: https://quotes.toscrape.com/author/George-R-R-Martin
2023-11-20 17:21:46,637 INFO:Crawling: https://quotes.toscrape.com/tag/read/page/1/
2023-11-20 17:21:47,097 INFO:Crawling: https://quotes.toscrape.com/tag/readers/page/1/
2023-11-20 17:21:47,555 INFO:Crawling: https://quotes.toscrape.com/tag/reading-books/page/1/
2023-11-20 17:21:48,008 INFO:Crawling: https://quotes.toscrape.com/tag/reading/
2023-11-20 17:21:48,467 INFO:Crawling: https://quotes.toscrape.com/author/Alfred-Tennyson
2023-11-20 17:21:49,222 INFO:Crawling: https://quotes.toscrape.com/tag/friendship/
2023-11-20 17:21:49,681 INFO:Crawling: https://quotes.toscrape.com/tag/friends/
2023-11-20 17:21:50,138 INFO:Crawling: https://quotes.toscrape.com/tag/misattributed-mark-twain/page/1/
2023-11-20 17:21:50,592 INFO:Crawling: https://quotes.toscrape.com/tag/truth/
2023-11-20 17:21:51,053 INFO:Crawling: https://quotes.toscrape.com/tag/simile/
2023-11-20 17:21:51,511 INFO:Crawling: https://www.goodreads.com/choiceawards/best-books-2023?ref=GCAs23_openinground_eb
2023-11-20 17:21:52,728 INFO:Crawling: https://www.goodreads.com/
2023-11-20 17:21:53,574 INFO:Crawling: https://www.goodreads.com/?ref=nav_home
2023-11-20 17:21:54,443 INFO:Crawling: https://www.goodreads.com/review/list?ref=nav_mybooks
2023-11-20 17:21:55,263 INFO:Crawling: https://www.goodreads.com/book?ref=nav_brws
2023-11-20 17:21:56,603 INFO:Crawling: https://www.goodreads.com/recommendations?ref=nav_brws_recs
2023-11-20 17:21:57,476 INFO:Crawling: https://www.goodreads.com/choiceawards?ref=nav_brws_gca
2023-11-20 17:21:58,913 INFO:Crawling: https://www.goodreads.com/genres?ref=nav_brws_genres
2023-11-20 17:21:59,999 INFO:Crawling: https://www.goodreads.com/giveaway?ref=nav_brws_giveaways
2023-11-20 17:22:01,114 INFO:Crawling: https://www.goodreads.com/book/popular_by_date/2023/11?ref=nav_brws_newrels
2023-11-20 17:22:02,155 INFO:Crawling: https://www.goodreads.com/list?ref=nav_brws_lists
2023-11-20 17:22:04,430 INFO:Crawling: https://www.goodreads.com/book?ref=nav_brws_explore
2023-11-20 17:22:07,625 INFO:Crawling: https://www.goodreads.com/news?ref=nav_brws_news
2023-11-20 17:22:08,882 INFO:Crawling: https://www.goodreads.com/genres/art
2023-11-20 17:22:10,629 INFO:Crawling: https://www.goodreads.com/genres/biography
2023-11-20 17:22:12,484 INFO:Crawling: https://www.goodreads.com/genres/business
2023-11-20 17:22:14,472 INFO:Crawling: https://www.goodreads.com/genres/children-s
2023-11-20 17:22:16,595 INFO:Crawling: https://www.goodreads.com/genres/christian
2023-11-20 17:22:18,251 INFO:Crawling: https://www.goodreads.com/genres/classics
2023-11-20 17:22:19,822 INFO:Crawling: https://www.goodreads.com/genres/comics
2023-11-20 17:22:21,729 INFO:Crawling: https://www.goodreads.com/genres/cookbooks
2023-11-20 17:22:23,479 INFO:Crawling: https://www.goodreads.com/genres/ebooks
2023-11-20 17:22:24,887 INFO:Crawling: https://www.goodreads.com/genres/fantasy
2023-11-20 17:22:26,974 INFO:Crawling: https://www.goodreads.com/genres/fiction
2023-11-20 17:22:29,561 INFO:Crawling: https://www.goodreads.com/genres/graphic-novels
2023-11-20 17:22:31,350 INFO:Crawling: https://www.goodreads.com/genres/historical-fiction
2023-11-20 17:22:33,477 INFO:Crawling: https://www.goodreads.com/genres/history
2023-11-20 17:22:35,651 INFO:Crawling: https://www.goodreads.com/genres/horror
2023-11-20 17:22:37,771 INFO:Crawling: https://www.goodreads.com/genres/memoir
2023-11-20 17:22:39,595 INFO:Crawling: https://www.goodreads.com/genres/music
2023-11-20 17:22:41,185 INFO:Crawling: https://www.goodreads.com/genres/mystery
2023-11-20 17:22:43,375 INFO:Crawling: https://www.goodreads.com/genres/non-fiction
2023-11-20 17:22:45,974 INFO:Crawling: https://www.goodreads.com/genres/poetry
2023-11-20 17:22:47,876 INFO:Crawling: https://www.goodreads.com/genres/psychology
2023-11-20 17:22:50,341 INFO:Crawling: https://www.goodreads.com/genres/romance
2023-11-20 17:22:52,663 INFO:Crawling: https://www.goodreads.com/genres/science
2023-11-20 17:22:54,852 INFO:Crawling: https://www.goodreads.com/genres/science-fiction
2023-11-20 17:22:56,939 INFO:Crawling: https://www.goodreads.com/genres/self-help
2023-11-20 17:22:58,860 INFO:Crawling: https://www.goodreads.com/genres/sports
2023-11-20 17:23:00,893 INFO:Crawling: https://www.goodreads.com/genres/thriller
2023-11-20 17:23:03,117 INFO:Crawling: https://www.goodreads.com/genres/travel
2023-11-20 17:23:04,890 INFO:Crawling: https://www.goodreads.com/genres/young-adult
2023-11-20 17:23:07,467 INFO:Crawling: https://www.goodreads.com/genres
2023-11-20 17:23:08,595 INFO:Crawling: https://www.goodreads.com/group?ref=nav_comm
2023-11-20 17:23:09,546 INFO:Crawling: https://www.goodreads.com/group?ref=nav_comm_groups
2023-11-20 17:23:10,506 INFO:Crawling: https://www.goodreads.com/quotes?ref=nav_comm_quotes
2023-11-20 17:23:11,539 INFO:Crawling: https://www.goodreads.com/ask_the_author?ref=nav_comm_askauthor
2023-11-20 17:23:12,687 INFO:Crawling: https://www.goodreads.com/user/sign_in?returnurl=undefined
2023-11-20 17:23:13,344 INFO:Crawling: https://www.goodreads.com/user/sign_up
2023-11-20 17:23:13,989 INFO:Crawling: None
2023-11-20 17:23:13,989 ERROR:Failed to crawl: None
Traceback (most recent call last):
  File "C:\Users\ruan_\OneDrive\Documentos\Repositórios\react-client-node-express\web-crawling-with-python\web_crawling.py", line 47, in run
    self.crawl(url)
  File "C:\Users\ruan_\OneDrive\Documentos\Repositórios\react-client-node-express\web-crawling-with-python\web_crawling.py", line 38, in crawl
    html = self.download_url(url)
  File "C:\Users\ruan_\OneDrive\Documentos\Repositórios\react-client-node-express\web-crawling-with-python\web_crawling.py", line 23, in download_url
    return requests.get(url).text
  File "C:\Users\ruan_\anaconda3\lib\site-packages\requests\api.py", line 73, in get
    return request("get", url, params=params, **kwargs)
  File "C:\Users\ruan_\anaconda3\lib\site-packages\requests\api.py", line 59, in request
    return session.request(method=method, url=url, **kwargs)
  File "C:\Users\ruan_\anaconda3\lib\site-packages\requests\sessions.py", line 573, in request
    prep = self.prepare_request(req)
  File "C:\Users\ruan_\anaconda3\lib\site-packages\requests\sessions.py", line 484, in prepare_request
    p.prepare(
  File "C:\Users\ruan_\anaconda3\lib\site-packages\requests\models.py", line 368, in prepare
    self.prepare_url(url, params)
  File "C:\Users\ruan_\anaconda3\lib\site-packages\requests\models.py", line 439, in prepare_url
    raise MissingSchema(
requests.exceptions.MissingSchema: Invalid URL 'None': No scheme supplied. Perhaps you meant http://None?
2023-11-20 17:23:13,992 INFO:Crawling: https://www.goodreads.com/quotes/recently_added
2023-11-20 17:23:14,944 INFO:Crawling: https://www.goodreads.com/quotes/recently_created
2023-11-20 17:23:16,109 INFO:Crawling: https://www.goodreads.com/quotes/friend_quotes
2023-11-20 17:23:16,955 INFO:Crawling: https://www.goodreads.com/quotes/my_authors
2023-11-20 17:23:17,771 INFO:Crawling: #
2023-11-20 17:23:17,771 ERROR:Failed to crawl: #
Traceback (most recent call last):
  File "C:\Users\ruan_\OneDrive\Documentos\Repositórios\react-client-node-express\web-crawling-with-python\web_crawling.py", line 47, in run
    self.crawl(url)
  File "C:\Users\ruan_\OneDrive\Documentos\Repositórios\react-client-node-express\web-crawling-with-python\web_crawling.py", line 38, in crawl
    html = self.download_url(url)
  File "C:\Users\ruan_\OneDrive\Documentos\Repositórios\react-client-node-express\web-crawling-with-python\web_crawling.py", line 23, in download_url
    return requests.get(url).text
  File "C:\Users\ruan_\anaconda3\lib\site-packages\requests\api.py", line 73, in get
    return request("get", url, params=params, **kwargs)
  File "C:\Users\ruan_\anaconda3\lib\site-packages\requests\api.py", line 59, in request
    return session.request(method=method, url=url, **kwargs)
  File "C:\Users\ruan_\anaconda3\lib\site-packages\requests\sessions.py", line 573, in request
    prep = self.prepare_request(req)
  File "C:\Users\ruan_\anaconda3\lib\site-packages\requests\sessions.py", line 484, in prepare_request
    p.prepare(
  File "C:\Users\ruan_\anaconda3\lib\site-packages\requests\models.py", line 368, in prepare
    self.prepare_url(url, params)
  File "C:\Users\ruan_\anaconda3\lib\site-packages\requests\models.py", line 439, in prepare_url
    raise MissingSchema(
requests.exceptions.MissingSchema: Invalid URL '#': No scheme supplied. Perhaps you meant http://#?
2023-11-20 17:23:17,772 INFO:Crawling: https://help.goodreads.com/s/article/Who-can-add-quotes-to-Goodreads
2023-11-20 17:23:19,531 INFO:Crawling: https://www.goodreads.com/author/show/3565.Oscar_Wilde
2023-11-20 17:23:21,131 INFO:Crawling: https://www.goodreads.com/quotes/tag/attributed-no-source
2023-11-20 17:23:22,130 INFO:Crawling: https://www.goodreads.com/quotes/tag/be-yourself
2023-11-20 17:23:23,159 INFO:Crawling: https://www.goodreads.com/quotes/tag/gilbert-perreira
2023-11-20 17:23:24,061 INFO:Crawling: https://www.goodreads.com/quotes/tag/honesty
2023-11-20 17:23:25,090 INFO:Crawling: https://www.goodreads.com/quotes/tag/inspirational
2023-11-20 17:23:26,175 INFO:Crawling: https://www.goodreads.com/quotes/tag/misattributed-oscar-wilde
2023-11-20 17:23:27,092 INFO:Crawling: https://www.goodreads.com/quotes/tag/quote-investigator
2023-11-20 17:23:28,060 INFO:Crawling: https://www.goodreads.com/quotes/19884-be-yourself-everyone-else-is-already-taken
2023-11-20 17:23:29,540 INFO:Crawling: https://www.goodreads.com/user/new
2023-11-20 17:23:30,179 INFO:Crawling: https://images.gr-assets.com/quotes/1511992603p8/8630.jpg
2023-11-20 17:23:30,919 INFO:Crawling: https://www.goodreads.com/quotes/tag/best
2023-11-20 17:23:31,982 INFO:Crawling: https://www.goodreads.com/quotes/tag/life
2023-11-20 17:23:33,061 INFO:Crawling: https://www.goodreads.com/quotes/tag/love
2023-11-20 17:23:34,130 INFO:Crawling: https://www.goodreads.com/quotes/tag/misattributed-marilyn-monroe
2023-11-20 17:23:35,079 INFO:Crawling: https://www.goodreads.com/quotes/tag/mistakes
2023-11-20 17:23:36,070 INFO:Crawling: https://www.goodreads.com/quotes/tag/out-of-control
2023-11-20 17:23:37,083 INFO:Crawling: https://www.goodreads.com/quotes/tag/truth
2023-11-20 17:23:38,138 INFO:Crawling: https://www.goodreads.com/quotes/tag/worst
2023-11-20 17:23:39,165 INFO:Crawling: https://www.goodreads.com/quotes/8630-i-m-selfish-impatient-and-a-little-insecure-i-make-mistakes
2023-11-20 17:23:40,620 INFO:Crawling: https://www.goodreads.com/author/show/9810.Albert_Einstein
2023-11-20 17:23:41,946 INFO:Crawling: https://www.goodreads.com/quotes/tag/human-nature
2023-11-20 17:23:43,049 INFO:Crawling: https://www.goodreads.com/quotes/tag/humor
2023-11-20 17:23:44,144 INFO:Crawling: https://www.goodreads.com/quotes/tag/infinity
2023-11-20 17:23:45,175 INFO:Crawling: https://www.goodreads.com/quotes/tag/philosophy
2023-11-20 17:23:46,224 INFO:Crawling: https://www.goodreads.com/quotes/tag/science
2023-11-20 17:23:47,291 INFO:Crawling: https://www.goodreads.com/quotes/tag/stupidity
2023-11-20 17:23:48,290 INFO:Crawling: https://www.goodreads.com/quotes/tag/universe
2023-11-20 17:23:49,334 INFO:Crawling: https://www.goodreads.com/quotes/942-two-things-are-infinite-the-universe-and-human-stupidity-and
2023-11-20 17:23:50,713 INFO:Crawling: https://www.goodreads.com/author/show/22302.Frank_Zappa
2023-11-20 17:23:52,155 INFO:Crawling: https://www.goodreads.com/quotes/tag/books
2023-11-20 17:23:53,191 INFO:Crawling: https://www.goodreads.com/quotes/66-so-many-books-so-little-time
2023-11-20 17:23:54,617 INFO:Crawling: https://www.goodreads.com/author/show/13755.Marcus_Tullius_Cicero
2023-11-20 17:23:56,907 INFO:Crawling: https://www.goodreads.com/quotes/tag/simile
2023-11-20 17:23:57,971 INFO:Crawling: https://www.goodreads.com/quotes/tag/soul
2023-11-20 17:23:59,006 INFO:Crawling: https://www.goodreads.com/quotes/764-a-room-without-books-is-like-a-body-without-a
2023-11-20 17:24:00,657 INFO:Crawling: https://www.goodreads.com/author/show/5768330.Bernard_M_Baruch
2023-11-20 17:24:02,023 INFO:Crawling: https://www.goodreads.com/quotes/tag/ataraxy
2023-11-20 17:24:03,063 INFO:Crawling: https://www.goodreads.com/quotes/tag/confidence
2023-11-20 17:24:04,086 INFO:Crawling: https://www.goodreads.com/quotes/tag/fitting-in
2023-11-20 17:24:05,348 INFO:Crawling: https://www.goodreads.com/quotes/tag/individuality
2023-11-20 17:24:06,363 INFO:Crawling: https://www.goodreads.com/quotes/tag/misattributed-dr-seuss
2023-11-20 17:24:07,277 INFO:Crawling: https://www.goodreads.com/quotes/tag/those-who-matter
2023-11-20 17:24:08,274 INFO:Crawling: https://www.goodreads.com/quotes/865-be-who-you-are-and-say-what-you-feel-because
2023-11-20 17:24:09,734 INFO:Crawling: https://www.goodreads.com/author/show/1744830.William_W_Purkey
2023-11-20 17:24:11,183 INFO:Crawling: https://www.goodreads.com/quotes/tag/dance
2023-11-20 17:24:12,244 INFO:Crawling: https://www.goodreads.com/quotes/tag/heaven
2023-11-20 17:24:13,300 INFO:Crawling: https://www.goodreads.com/quotes/tag/hurt
2023-11-20 17:24:14,365 INFO:Crawling: https://www.goodreads.com/quotes/tag/sing
2023-11-20 17:24:15,453 INFO:Crawling: https://www.goodreads.com/quotes/10123-you-ve-gotta-dance-like-there-s-nobody-watching-love-like-you-ll
2023-11-20 17:24:16,891 INFO:Crawling: https://www.goodreads.com/author/show/61105.Dr_Seuss
2023-11-20 17:24:18,431 INFO:Crawling: https://www.goodreads.com/quotes/tag/dreams
2023-11-20 17:24:19,467 INFO:Crawling: https://www.goodreads.com/quotes/tag/reality
2023-11-20 17:24:21,138 INFO:Crawling: https://www.goodreads.com/quotes/tag/sleep
2023-11-20 17:24:22,215 INFO:Crawling: https://www.goodreads.com/quotes/7901-you-know-you-re-in-love-when-you-can-t-fall-asleep
2023-11-20 17:24:23,615 INFO:Crawling: https://www.goodreads.com/author/show/259666.Mae_West
2023-11-20 17:24:25,077 INFO:Crawling: https://www.goodreads.com/quotes/1598-you-only-live-once-but-if-you-do-it-right
2023-11-20 17:24:26,553 INFO:Crawling: https://www.goodreads.com/author/show/5810891.Mahatma_Gandhi
2023-11-20 17:24:27,992 INFO:Crawling: https://www.goodreads.com/quotes/tag/action
2023-11-20 17:24:29,017 INFO:Crawling: https://www.goodreads.com/quotes/tag/change
2023-11-20 17:24:30,103 INFO:Crawling: https://www.goodreads.com/quotes/tag/misattributed-to-gandhi
2023-11-20 17:24:31,015 INFO:Crawling: https://www.goodreads.com/quotes/tag/wish
2023-11-20 17:24:32,115 INFO:Crawling: https://www.goodreads.com/quotes/24499-be-the-change-that-you-wish-to-see-in-the
2023-11-20 17:24:33,831 INFO:Crawling: https://www.goodreads.com/author/show/7715.Robert_Frost
2023-11-20 17:24:35,119 INFO:Crawling: https://www.goodreads.com/quotes/258-in-three-words-i-can-sum-up-everything-i-ve-learned
2023-11-20 17:24:36,619 INFO:Crawling: https://www.goodreads.com/author/show/1077326.J_K_Rowling
2023-11-20 17:24:38,727 INFO:Crawling: https://www.goodreads.com/work/quotes/3046572
2023-11-20 17:24:39,930 INFO:Crawling: https://www.goodreads.com/quotes/tag/from-charles-bayard-mitchell
2023-11-20 17:24:40,800 INFO:Crawling: https://www.goodreads.com/quotes/5399-if-you-want-to-know-what-a-man-s-like-take
2023-11-20 17:24:42,277 INFO:Crawling: https://www.goodreads.com/author/show/957894.Albert_Camus
2023-11-20 17:24:43,760 INFO:Crawling: https://www.goodreads.com/quotes/tag/friends
2023-11-20 17:24:44,809 INFO:Crawling: https://www.goodreads.com/quotes/tag/friendship
2023-11-20 17:24:45,832 INFO:Crawling: https://www.goodreads.com/quotes/tag/misattributed-albert-camus
2023-11-20 17:24:46,719 INFO:Crawling: https://www.goodreads.com/quotes/54-don-t-walk-in-front-of-me-i-may-not-follow
2023-11-20 17:24:48,191 INFO:Crawling: https://www.goodreads.com/author/show/1244.Mark_Twain
2023-11-20 17:24:49,998 INFO:Crawling: https://www.goodreads.com/quotes/tag/lies
2023-11-20 17:24:51,044 INFO:Crawling: https://www.goodreads.com/quotes/tag/lying
2023-11-20 17:24:52,066 INFO:Crawling: https://www.goodreads.com/quotes/tag/memory
2023-11-20 17:24:53,119 INFO:Crawling: https://www.goodreads.com/quotes/9131-if-you-tell-the-truth-you-don-t-have-to-remember
2023-11-20 17:24:54,564 INFO:Crawling: https://images.gr-assets.com/quotes/1387503187p8/10554.jpg
2023-11-20 17:24:55,333 INFO:Crawling: https://www.goodreads.com/work/quotes/14816053
2023-11-20 17:24:56,512 INFO:Crawling: https://www.goodreads.com/quotes/10554-friendship-is-born-at-the-moment-when-one-man
2023-11-20 17:24:57,990 INFO:Crawling: https://www.goodreads.com/author/show/3503.Maya_Angelou
2023-11-20 17:24:59,529 INFO:Crawling: https://www.goodreads.com/quotes/5934-i-ve-learned-that-people-will-forget-what-you-said-people
2023-11-20 17:25:01,010 INFO:Crawling: https://www.goodreads.com/author/show/114059.Elbert_Hubbard
2023-11-20 17:25:02,602 INFO:Crawling: https://www.goodreads.com/quotes/tag/friend
2023-11-20 17:25:03,804 INFO:Crawling: https://www.goodreads.com/quotes/tag/knowledge
2023-11-20 17:25:04,898 INFO:Crawling: https://www.goodreads.com/quotes/16949-a-friend-is-someone-who-knows-all-about-you-and
2023-11-20 17:25:06,308 INFO:Crawling: https://www.goodreads.com/quotes/2448-to-live-is-the-rarest-thing-in-the-world-most
2023-11-20 17:25:07,778 INFO:Crawling: https://www.goodreads.com/quotes/tag/enemies
2023-11-20 17:25:08,855 INFO:Crawling: https://www.goodreads.com/quotes/tag/forgiveness
2023-11-20 17:25:09,873 INFO:Crawling: https://www.goodreads.com/quotes/tag/strategy
2023-11-20 17:25:10,923 INFO:Crawling: https://www.goodreads.com/quotes/4583-always-forgive-your-enemies-nothing-annoys-them-so-much
2023-11-20 17:25:12,429 INFO:Crawling: https://www.goodreads.com/author/show/23924.Martin_Luther_King_Jr_
2023-11-20 17:25:13,794 INFO:Crawling: https://www.goodreads.com/work/quotes/52037
2023-11-20 17:25:14,963 INFO:Crawling: https://www.goodreads.com/quotes/tag/darkness
2023-11-20 17:25:16,006 INFO:Crawling: https://www.goodreads.com/quotes/tag/drive-out
2023-11-20 17:25:16,965 INFO:Crawling: https://www.goodreads.com/quotes/tag/hate
2023-11-20 17:25:18,065 INFO:Crawling: https://www.goodreads.com/quotes/tag/light
2023-11-20 17:25:19,139 INFO:Crawling: https://www.goodreads.com/quotes/tag/peace
2023-11-20 17:25:20,188 INFO:Crawling: https://www.goodreads.com/quotes/943-darkness-cannot-drive-out-darkness-only-light-can-do-that
2023-11-20 17:25:21,630 INFO:Crawling: https://www.goodreads.com/quotes/tag/carpe-diem
2023-11-20 17:25:22,683 INFO:Crawling: https://www.goodreads.com/quotes/tag/education
2023-11-20 17:25:24,241 INFO:Crawling: https://www.goodreads.com/quotes/tag/learning
2023-11-20 17:25:25,284 INFO:Crawling: https://www.goodreads.com/quotes/2253-live-as-if-you-were-to-die-tomorrow-learn-as
2023-11-20 17:25:26,675 INFO:Crawling: https://images.gr-assets.com/quotes/1387506524p8/2534.jpg
2023-11-20 17:25:27,407 INFO:Crawling: https://www.goodreads.com/work/quotes/2236198
2023-11-20 17:25:28,657 INFO:Crawling: https://www.goodreads.com/quotes/2534-we-accept-the-love-we-think-we-deserve
2023-11-20 17:25:30,133 INFO:Crawling: https://www.goodreads.com/author/show/1938.Friedrich_Nietzsche
2023-11-20 17:25:31,739 INFO:Crawling: https://www.goodreads.com/work/quotes/19234046
2023-11-20 17:25:32,963 INFO:Crawling: https://www.goodreads.com/quotes/tag/music
2023-11-20 17:25:34,076 INFO:Crawling: https://www.goodreads.com/quotes/4590-without-music-life-would-be-a-mistake
2023-11-20 17:25:35,545 INFO:Crawling: https://www.goodreads.com/work/quotes/23684401
2023-11-20 17:25:36,703 INFO:Crawling: https://www.goodreads.com/quotes/tag/intelligence
2023-11-20 17:25:37,749 INFO:Crawling: https://www.goodreads.com/quotes/tag/self-deprecation
2023-11-20 17:25:38,807 INFO:Crawling: https://www.goodreads.com/quotes/1198-i-am-so-clever-that-sometimes-i-don-t-understand-a
2023-11-20 17:25:40,279 INFO:Crawling: https://www.goodreads.com/author/show/12080.Ralph_Waldo_Emerson
2023-11-20 17:25:41,691 INFO:Crawling: https://www.goodreads.com/quotes/tag/accomplishment
2023-11-20 17:25:42,766 INFO:Crawling: https://www.goodreads.com/quotes/tag/conformity
2023-11-20 17:25:43,861 INFO:Crawling: https://www.goodreads.com/quotes/876-to-be-yourself-in-a-world-that-is-constantly-trying
2023-11-20 17:25:45,264 INFO:Crawling: https://www.goodreads.com/author/show/5255891.Steve_Jobs
2023-11-20 17:25:46,536 INFO:Crawling: https://www.goodreads.com/quotes/924-here-s-to-the-crazy-ones-the-misfits-the-rebels-the
2023-11-20 17:25:47,941 INFO:Crawling: https://www.goodreads.com/quotes/tag/insanity
2023-11-20 17:25:48,977 INFO:Crawling: https://www.goodreads.com/quotes/tag/misattributed-ben-franklin
2023-11-20 17:25:49,871 INFO:Crawling: https://www.goodreads.com/quotes/tag/misattributed-mark-twain
2023-11-20 17:25:50,818 INFO:Crawling: https://www.goodreads.com/quotes/tag/misattributed-to-einstein
2023-11-20 17:25:51,827 INFO:Crawling: https://www.goodreads.com/quotes/5543-insanity-is-doing-the-same-thing-over-and-over-again
2023-11-20 17:25:53,421 INFO:Crawling: https://images.gr-assets.com/quotes/1512016299p8/12379.jpg
2023-11-20 17:25:54,796 INFO:Crawling: https://www.goodreads.com/quotes/12379-i-believe-that-everything-happens-for-a-reason-people-change
2023-11-20 17:25:56,240 INFO:Crawling: https://www.goodreads.com/author/show/7617.Andr_Gide
2023-11-20 17:25:57,620 INFO:Crawling: https://www.goodreads.com/work/quotes/6810684
2023-11-20 17:25:58,780 INFO:Crawling: https://www.goodreads.com/quotes/14304-it-is-better-to-be-hated-for-what-you-are
2023-11-20 17:26:00,289 INFO:Crawling: https://www.goodreads.com/author/show/33394.H_Jackson_Brown_Jr_
2023-11-20 17:26:01,756 INFO:Crawling: https://www.goodreads.com/work/quotes/41658
2023-11-20 17:26:02,938 INFO:Crawling: https://www.goodreads.com/quotes/tag/actions
2023-11-20 17:26:04,058 INFO:Crawling: https://www.goodreads.com/quotes/tag/disappointed
2023-11-20 17:26:05,128 INFO:Crawling: https://www.goodreads.com/quotes/tag/disappointment
2023-11-20 17:27:05,729 INFO:Crawling: https://www.goodreads.com/quotes/tag/dream
2023-11-20 17:27:06,776 INFO:Crawling: https://www.goodreads.com/quotes/tag/explore
2023-11-20 17:27:08,081 INFO:Crawling: https://www.goodreads.com/quotes/tag/sail
2023-11-20 17:27:09,294 INFO:Crawling: https://www.goodreads.com/quotes/2340-twenty-years-from-now-you-will-be-more-disappointed-by
2023-11-20 17:27:10,790 INFO:Crawling: https://www.goodreads.com/quotes?page=2
2023-11-20 17:27:12,050 INFO:Crawling: https://www.goodreads.com/quotes?page=3
2023-11-20 17:27:13,159 INFO:Crawling: https://www.goodreads.com/quotes?page=4
2023-11-20 17:27:14,437 INFO:Crawling: https://www.goodreads.com/quotes?page=5
2023-11-20 17:27:15,884 INFO:Crawling: https://www.goodreads.com/quotes?page=6
2023-11-20 17:27:17,197 INFO:Crawling: https://www.goodreads.com/quotes?page=7
2023-11-20 17:27:18,554 INFO:Crawling: https://www.goodreads.com/quotes?page=8
2023-11-20 17:27:20,054 INFO:Crawling: https://www.goodreads.com/quotes?page=9
2023-11-20 17:27:21,348 INFO:Crawling: https://www.goodreads.com/quotes?page=99
2023-11-20 17:27:22,697 INFO:Crawling: https://www.goodreads.com/quotes?page=100
2023-11-20 17:27:23,992 INFO:Crawling: https://www.goodreads.com/quotes/list?id=false
2023-11-20 17:27:25,092 INFO:Crawling: https://www.goodreads.com/quotes/new
2023-11-20 17:27:25,924 INFO:Crawling: https://www.goodreads.com/quotes/tag/inspirational-quotes
2023-11-20 17:27:26,978 INFO:Crawling: https://www.goodreads.com/quotes/tag/god
2023-11-20 17:27:28,027 INFO:Crawling: https://www.goodreads.com/quotes/tag/wisdom
2023-11-20 19:56:00,025 INFO:Crawling: https://quotes.toscrape.com/
2023-11-20 19:56:00,837 INFO:Crawling: https://quotes.toscrape.com/
2023-11-20 19:56:01,301 INFO:Crawling: https://quotes.toscrape.com/login
2023-11-20 19:56:01,752 INFO:Crawling: https://quotes.toscrape.com/author/Albert-Einstein
2023-11-20 19:56:02,506 INFO:Crawling: https://quotes.toscrape.com/tag/change/page/1/
2023-11-20 19:56:02,969 INFO:Crawling: https://quotes.toscrape.com/tag/deep-thoughts/page/1/
2023-11-20 19:56:03,425 INFO:Crawling: https://quotes.toscrape.com/tag/thinking/page/1/
2023-11-20 19:56:03,877 INFO:Crawling: https://quotes.toscrape.com/tag/world/page/1/
2023-11-20 19:56:04,332 INFO:Crawling: https://quotes.toscrape.com/author/J-K-Rowling
2023-11-20 19:56:05,086 INFO:Crawling: https://quotes.toscrape.com/tag/abilities/page/1/
2023-11-20 19:56:05,545 INFO:Crawling: https://quotes.toscrape.com/tag/choices/page/1/
2023-11-20 19:56:06,009 INFO:Crawling: https://quotes.toscrape.com/tag/inspirational/page/1/
2023-11-20 19:56:06,471 INFO:Crawling: https://quotes.toscrape.com/tag/life/page/1/
2023-11-20 19:56:06,934 INFO:Crawling: https://quotes.toscrape.com/tag/live/page/1/
2023-11-20 19:56:07,395 INFO:Crawling: https://quotes.toscrape.com/tag/miracle/page/1/
2023-11-20 19:56:07,854 INFO:Crawling: https://quotes.toscrape.com/tag/miracles/page/1/
2023-11-20 19:56:08,318 INFO:Crawling: https://quotes.toscrape.com/author/Jane-Austen
2023-11-20 19:56:09,074 INFO:Crawling: https://quotes.toscrape.com/tag/aliteracy/page/1/
2023-11-20 19:56:09,533 INFO:Crawling: https://quotes.toscrape.com/tag/books/page/1/
2023-11-20 19:56:10,003 INFO:Crawling: https://quotes.toscrape.com/tag/classic/page/1/
2023-11-20 19:56:10,461 INFO:Crawling: https://quotes.toscrape.com/tag/humor/page/1/
2023-11-20 19:56:10,923 INFO:Crawling: https://quotes.toscrape.com/author/Marilyn-Monroe
2023-11-20 19:56:11,673 INFO:Crawling: https://quotes.toscrape.com/tag/be-yourself/page/1/
2023-11-20 19:56:12,126 INFO:Crawling: https://quotes.toscrape.com/tag/adulthood/page/1/
2023-11-20 19:56:12,577 INFO:Crawling: https://quotes.toscrape.com/tag/success/page/1/
2023-11-20 19:56:13,036 INFO:Crawling: https://quotes.toscrape.com/tag/value/page/1/
2023-11-20 19:56:13,491 INFO:Crawling: https://quotes.toscrape.com/author/Andre-Gide
2023-11-20 19:56:14,241 INFO:Crawling: https://quotes.toscrape.com/tag/love/page/1/
2023-11-20 19:56:14,708 INFO:Crawling: https://quotes.toscrape.com/author/Thomas-A-Edison
2023-11-20 19:56:15,458 INFO:Crawling: https://quotes.toscrape.com/tag/edison/page/1/
2023-11-20 19:56:15,917 INFO:Crawling: https://quotes.toscrape.com/tag/failure/page/1/
2023-11-20 19:56:16,377 INFO:Crawling: https://quotes.toscrape.com/tag/paraphrased/page/1/
2023-11-20 19:56:16,837 INFO:Crawling: https://quotes.toscrape.com/author/Eleanor-Roosevelt
2023-11-20 19:56:17,588 INFO:Crawling: https://quotes.toscrape.com/tag/misattributed-eleanor-roosevelt/page/1/
2023-11-20 19:56:18,047 INFO:Crawling: https://quotes.toscrape.com/author/Steve-Martin
2023-11-20 19:56:18,796 INFO:Crawling: https://quotes.toscrape.com/tag/obvious/page/1/
2023-11-20 19:56:19,249 INFO:Crawling: https://quotes.toscrape.com/tag/simile/page/1/
2023-11-20 19:56:19,711 INFO:Crawling: https://quotes.toscrape.com/page/2/
2023-11-20 19:56:20,174 INFO:Crawling: https://quotes.toscrape.com/tag/love/
2023-11-20 19:56:20,638 INFO:Crawling: https://quotes.toscrape.com/tag/inspirational/
2023-11-20 19:56:21,104 INFO:Crawling: https://quotes.toscrape.com/tag/life/
2023-11-20 19:56:21,562 INFO:Crawling: https://quotes.toscrape.com/tag/humor/
2023-11-20 19:56:22,025 INFO:Crawling: https://quotes.toscrape.com/tag/books/
2023-11-20 19:56:22,491 INFO:Crawling: https://quotes.toscrape.com/tag/reading/
2023-11-20 19:56:22,951 INFO:Crawling: https://quotes.toscrape.com/tag/friendship/
2023-11-20 19:56:23,410 INFO:Crawling: https://quotes.toscrape.com/tag/friends/
2023-11-20 19:56:23,868 INFO:Crawling: https://quotes.toscrape.com/tag/truth/
2023-11-20 19:56:24,329 INFO:Crawling: https://quotes.toscrape.com/tag/simile/
2023-11-20 19:56:24,791 INFO:Crawling: https://www.goodreads.com/quotes
2023-11-20 19:56:26,280 INFO:Crawling: https://www.zyte.com
2023-11-20 19:56:26,639 INFO:Crawling: https://quotes.toscrape.com/login
2023-11-20 19:56:27,095 INFO:Crawling: https://quotes.toscrape.com/tag/change/page/1/
2023-11-20 19:56:27,550 INFO:Crawling: https://quotes.toscrape.com/tag/deep-thoughts/page/1/
2023-11-20 19:56:28,004 INFO:Crawling: https://quotes.toscrape.com/tag/thinking/page/1/
2023-11-20 19:56:28,457 INFO:Crawling: https://quotes.toscrape.com/author/Terry-Pratchett
2023-11-20 19:56:29,214 INFO:Crawling: https://quotes.toscrape.com/tag/open-mind/page/1/
2023-11-20 19:56:29,676 INFO:Crawling: https://quotes.toscrape.com/tag/world/page/1/
2023-11-20 19:56:30,131 INFO:Crawling: https://quotes.toscrape.com/tag/abilities/page/1/
2023-11-20 19:56:30,589 INFO:Crawling: https://quotes.toscrape.com/tag/choices/page/1/
2023-11-20 19:56:31,045 INFO:Crawling: https://quotes.toscrape.com/tag/inspirational/page/1/
2023-11-20 19:56:31,507 INFO:Crawling: https://quotes.toscrape.com/tag/friends/page/1/
2023-11-20 19:56:31,968 INFO:Crawling: https://quotes.toscrape.com/tag/heartbreak/page/1/
2023-11-20 19:56:32,424 INFO:Crawling: https://quotes.toscrape.com/tag/sisters/page/1/
2023-11-20 19:56:32,880 INFO:Crawling: https://quotes.toscrape.com/author/Elie-Wiesel
2023-11-20 19:56:33,632 INFO:Crawling: https://quotes.toscrape.com/tag/activism/page/1/
2023-11-20 19:56:34,090 INFO:Crawling: https://quotes.toscrape.com/tag/apathy/page/1/
2023-11-20 19:56:34,548 INFO:Crawling: https://quotes.toscrape.com/tag/hate/page/1/
2023-11-20 19:56:35,000 INFO:Crawling: https://quotes.toscrape.com/tag/indifference/page/1/
2023-11-20 19:56:35,461 INFO:Crawling: https://quotes.toscrape.com/tag/opposite/page/1/
2023-11-20 19:56:35,919 INFO:Crawling: https://quotes.toscrape.com/tag/philosophy/page/1/
2023-11-20 19:56:36,377 INFO:Crawling: https://quotes.toscrape.com/tag/death/page/1/
2023-11-20 19:56:36,840 INFO:Crawling: https://quotes.toscrape.com/author/George-Eliot
2023-11-20 19:56:37,595 INFO:Crawling: https://quotes.toscrape.com/author/C-S-Lewis
2023-11-20 19:56:38,348 INFO:Crawling: https://quotes.toscrape.com/tag/reading/page/1/
2023-11-20 19:56:38,811 INFO:Crawling: https://quotes.toscrape.com/tag/tea/page/1/
2023-11-20 19:56:39,272 INFO:Crawling: https://quotes.toscrape.com/author/Martin-Luther-King-Jr
2023-11-20 19:56:40,020 INFO:Crawling: https://quotes.toscrape.com/tag/hope/page/1/
2023-11-20 19:56:40,477 INFO:Crawling: https://quotes.toscrape.com/author/Helen-Keller
2023-11-20 19:56:41,227 INFO:Crawling: https://quotes.toscrape.com/tag/inspirational/page/2/
2023-11-20 19:56:41,684 INFO:Crawling: https://quotes.toscrape.com/tag/life/page/1/
2023-11-20 19:56:42,147 INFO:Crawling: https://quotes.toscrape.com/author/Douglas-Adams
2023-11-20 19:56:42,900 INFO:Crawling: https://quotes.toscrape.com/tag/navigation/page/1/
2023-11-20 19:56:43,357 INFO:Crawling: https://quotes.toscrape.com/author/Mark-Twain
2023-11-20 19:56:44,114 INFO:Crawling: https://quotes.toscrape.com/tag/contentment/page/1/
2023-11-20 19:56:44,568 INFO:Crawling: https://quotes.toscrape.com/tag/friendship/page/1/
2023-11-20 19:56:45,028 INFO:Crawling: https://quotes.toscrape.com/author/Allen-Saunders
2023-11-20 19:56:45,788 INFO:Crawling: https://quotes.toscrape.com/tag/fate/page/1/
2023-11-20 19:56:46,244 INFO:Crawling: https://quotes.toscrape.com/tag/misattributed-john-lennon/page/1/
2023-11-20 19:56:46,705 INFO:Crawling: https://quotes.toscrape.com/tag/planning/page/1/
2023-11-20 19:56:47,163 INFO:Crawling: https://quotes.toscrape.com/tag/plans/page/1/
2023-11-20 19:56:47,621 INFO:Crawling: https://quotes.toscrape.com/author/Dr-Seuss
2023-11-20 19:56:48,370 INFO:Crawling: https://quotes.toscrape.com/tag/comedy/page/1/
2023-11-20 19:57:06,765 INFO:Crawling: https://quotes.toscrape.com/
2023-11-20 19:57:07,240 INFO:Crawling: https://quotes.toscrape.com/
2023-11-20 19:57:07,706 INFO:Crawling: https://quotes.toscrape.com/login
2023-11-20 19:57:08,170 INFO:Crawling: https://quotes.toscrape.com/author/Albert-Einstein
2023-11-20 19:57:08,916 INFO:Crawling: https://quotes.toscrape.com/tag/change/page/1/
2023-11-20 19:57:09,374 INFO:Crawling: https://quotes.toscrape.com/tag/deep-thoughts/page/1/
2023-11-20 19:57:09,843 INFO:Crawling: https://quotes.toscrape.com/tag/thinking/page/1/
2023-11-20 19:57:10,301 INFO:Crawling: https://quotes.toscrape.com/tag/world/page/1/
2023-11-20 19:57:10,762 INFO:Crawling: https://quotes.toscrape.com/author/J-K-Rowling
2023-11-20 19:57:11,515 INFO:Crawling: https://quotes.toscrape.com/tag/abilities/page/1/
2023-11-20 19:57:11,983 INFO:Crawling: https://quotes.toscrape.com/tag/choices/page/1/
2023-11-20 19:57:12,443 INFO:Crawling: https://quotes.toscrape.com/tag/inspirational/page/1/
2023-11-20 19:57:12,907 INFO:Crawling: https://quotes.toscrape.com/tag/life/page/1/
2023-11-20 19:57:13,371 INFO:Crawling: https://quotes.toscrape.com/tag/live/page/1/
2023-11-20 19:57:13,828 INFO:Crawling: https://quotes.toscrape.com/tag/miracle/page/1/
2023-11-20 19:57:14,298 INFO:Crawling: https://quotes.toscrape.com/tag/miracles/page/1/
2023-11-20 19:57:14,757 INFO:Crawling: https://quotes.toscrape.com/author/Jane-Austen
2023-11-20 19:57:15,511 INFO:Crawling: https://quotes.toscrape.com/tag/aliteracy/page/1/
2023-11-20 19:57:15,976 INFO:Crawling: https://quotes.toscrape.com/tag/books/page/1/
